Exporter version: 2.93.5, Blender version: 3.2.0
========= Conversion from Blender to Babylon.js =========
	Scene settings used :
		Inline textures     :  false
		Material Type       :  PBR
		Positions Precision :  4
		Normals Precision   :  3
		UVs Precision       :  3
		Vert Color Precision:  3
		Mat Weight Precision:  2
		Keep Z-up r-handed  :  no
		Texture directory   :  C:\Users\YX971\Desktop\ProtoWeb3\MODEL\mesh\
	Python World class constructor completed
	processing begun of camera (UniversalCamera):  Camera
	processing begun of node:  Lune
	processing begun of light (POINT):  Light
========= Writing of JSON file started =========
========= Writing of JSON file completed =========
========= end of processing =========
elapsed time:  0 min, 0.007 secs
